Using pre-set license
Built from '2020.3/release' branch; Version is '2020.3.12f1 (b3b2c6512326) revision 11776710'; Using compiler version '192528614'; Build Type 'Release'
OS: 'Windows 10 Home; OS build 19042.1052; Version 2009; 64bit' Language: 'en' Physical Memory: 16264 MB
BatchMode: 1, IsHumanControllingUs: 0, StartBugReporterOnCrash: 0, Is64bit: 1, IsPro: 0

 COMMAND LINE ARGUMENTS:
C:\Program Files\Unity\Hub\Editor\2020.3.12f1\Editor\Unity.exe
-adb2
-batchMode
-noUpm
-name
AssetImportWorker0
-projectPath
C:/Users/79179/Documents/GitHub/Game/DL [DML SS 2021]
-logFile
Logs/AssetImportWorker0.log
-srvPort
57617
Successfully changed project path to: C:/Users/79179/Documents/GitHub/Game/DL [DML SS 2021]
C:/Users/79179/Documents/GitHub/Game/DL [DML SS 2021]
Using Asset Import Pipeline V2.
Refreshing native plugins compatible for Editor in 89.68 ms, found 2 plugins.
Preloading 0 native plugins for Editor in 0.00 ms.
Initialize engine version: 2020.3.12f1 (b3b2c6512326)
[Subsystems] Discovering subsystems at path C:/Program Files/Unity/Hub/Editor/2020.3.12f1/Editor/Data/Resources/UnitySubsystems
[Subsystems] Discovering subsystems at path C:/Users/79179/Documents/GitHub/Game/DL [DML SS 2021]/Assets
GfxDevice: creating device client; threaded=0
Direct3D:
    Version:  Direct3D 11.0 [level 11.1]
    Renderer: NVIDIA GeForce GTX 1050 (ID=0x1c91)
    Vendor:   
    VRAM:     2996 MB
    Driver:   27.21.14.6109
Initialize mono
Mono path[0] = 'C:/Program Files/Unity/Hub/Editor/2020.3.12f1/Editor/Data/Managed'
Mono path[1] = 'C:/Program Files/Unity/Hub/Editor/2020.3.12f1/Editor/Data/MonoBleedingEdge/lib/mono/unityjit'
Mono config path = 'C:/Program Files/Unity/Hub/Editor/2020.3.12f1/Editor/Data/MonoBleedingEdge/etc'
Using monoOptions --debugger-agent=transport=dt_socket,embedding=1,server=y,suspend=n,address=127.0.0.1:56036
Begin MonoManager ReloadAssembly
Registering precompiled unity dll's ...
Register platform support module: C:/Program Files/Unity/Hub/Editor/2020.3.12f1/Editor/Data/PlaybackEngines/WebGLSupport/UnityEditor.WebGL.Extensions.dll
Register platform support module: C:/Program Files/Unity/Hub/Editor/2020.3.12f1/Editor/Data/PlaybackEngines/WindowsStandaloneSupport/UnityEditor.WindowsStandalone.Extensions.dll
Registered in 0.004772 seconds.
Native extension for WindowsStandalone target not found
Native extension for WebGL target not found
Refreshing native plugins compatible for Editor in 70.39 ms, found 2 plugins.
Preloading 0 native plugins for Editor in 0.00 ms.
Mono: successfully reloaded assembly
- Completed reload, in  2.169 seconds
Platform modules already initialized, skipping
Registering precompiled user dll's ...
Registered in 0.008779 seconds.
Begin MonoManager ReloadAssembly
Native extension for WindowsStandalone target not found
Native extension for WebGL target not found
Refreshing native plugins compatible for Editor in 0.40 ms, found 2 plugins.
Preloading 0 native plugins for Editor in 0.00 ms.
Mono: successfully reloaded assembly
- Completed reload, in  2.039 seconds
Platform modules already initialized, skipping
========================================================================
Worker process is ready to serve import requests
Launched and connected shader compiler UnityShaderCompiler.exe after 0.09 seconds
Refreshing native plugins compatible for Editor in 0.55 ms, found 2 plugins.
Preloading 0 native plugins for Editor in 0.00 ms.
Unloading 1424 Unused Serialized files (Serialized files now loaded: 0)
System memory in use before: 152.7 MB.
System memory in use after: 152.7 MB.

Unloading 19 unused Assets to reduce memory usage. Loaded Objects now: 1884.
Total: 2.586900 ms (FindLiveObjects: 0.183800 ms CreateObjectMapping: 0.056600 ms MarkObjects: 2.153100 ms  DeleteObjects: 0.192100 ms)

AssetImportParameters requested are different than current active one (requested -> active):
  custom:framework-win-MediaFoundation: 216162199b28c13a410421893ffa2e32 -> 
  custom:video-decoder-ogg-theora: a1e56fd34408186e4bbccfd4996cb3dc -> 
  custom:container-muxer-webm: aa71ff27fc2769a1b78a27578f13a17b -> 
  custom:container-demuxer-webm: 4f35f7cbe854078d1ac9338744f61a02 -> 
  custom:container-demuxer-ogg: 62fdf1f143b41e24485cea50d1cbac27 -> 
  custom:video-encoder-webm-vp8: eb34c28f22e8b96e1ab97ce403110664 -> 
  custom:video-codec-MediaFoundation-h265: 746d11721c4dcdbdad8f713fa42b33f4 -> 
  custom:video-decoder-webm-vp8: 9c59270c3fd7afecdb556c50c9e8de78 -> 
  custom:audio-decoder-ogg-vorbis: bf7c407c2cedff20999df2af8eb42d56 -> 
  custom:audio-encoder-webm-vorbis: bf7c407c2cedff20999df2af8eb42d56 -> 
========================================================================
Received Import Request.
  path: Assets/Models/grib (1).blend
  artifactKey: Guid(bc7e01853a7d45b4e821aa9d4841865f) Importer(815301076,1909f56bfc062723c751e8b465ee728b)
Start importing Assets/Models/grib (1).blend using Guid(bc7e01853a7d45b4e821aa9d4841865f) Importer(815301076,1909f56bfc062723c751e8b465ee728b)  -> (artifact id: '3a8eec2778d67f529eba32ad5da33fbb') in 0.191847 seconds 
  Import took 0.195000 seconds .

========================================================================
Received Import Request.
  Time since last request: 0.001522 seconds.
  path: Assets/Models/grib (1).blend
  artifactKey: Guid(bc7e01853a7d45b4e821aa9d4841865f) Importer(815301076,1909f56bfc062723c751e8b465ee728b)
Start importing Assets/Models/grib (1).blend using Guid(bc7e01853a7d45b4e821aa9d4841865f) Importer(815301076,1909f56bfc062723c751e8b465ee728b)  -> (artifact id: '3a8eec2778d67f529eba32ad5da33fbb') in 0.038326 seconds 
  Import took 0.043501 seconds .

========================================================================
Received Import Request.
  Time since last request: 372.849949 seconds.
  path: Assets/Models/grib (1).blend
  artifactKey: Guid(bc7e01853a7d45b4e821aa9d4841865f) Importer(815301076,1909f56bfc062723c751e8b465ee728b)
Start importing Assets/Models/grib (1).blend using Guid(bc7e01853a7d45b4e821aa9d4841865f) Importer(815301076,1909f56bfc062723c751e8b465ee728b)  -> (artifact id: '6f5f5b7c97c93b2c1e9addef62464f24') in 0.043643 seconds 
  Import took 0.048703 seconds .

========================================================================
Received Import Request.
  Time since last request: 17.340821 seconds.
  path: Assets/Models/grib (1).blend
  artifactKey: Guid(bc7e01853a7d45b4e821aa9d4841865f) Importer(815301076,1909f56bfc062723c751e8b465ee728b)
Start importing Assets/Models/grib (1).blend using Guid(bc7e01853a7d45b4e821aa9d4841865f) Importer(815301076,1909f56bfc062723c751e8b465ee728b)  -> (artifact id: 'ee817dc75510376224dc1838acfcb571') in 0.050291 seconds 
  Import took 0.053428 seconds .

========================================================================
Received Import Request.
  Time since last request: 14.775943 seconds.
  path: Assets/Models/grib (1).blend1
  artifactKey: Guid(fb0c1f3640c1d134690f9461d747fe26) Importer(815301076,1909f56bfc062723c751e8b465ee728b)
Start importing Assets/Models/grib (1).blend1 using Guid(fb0c1f3640c1d134690f9461d747fe26) Importer(815301076,1909f56bfc062723c751e8b465ee728b)  -> (artifact id: '69c1cc9788671987d523717b6f78d35f') in 0.006689 seconds 
  Import took 0.010964 seconds .

========================================================================
Received Import Request.
  Time since last request: 87.472626 seconds.
  path: Assets/Models/grib (1).blend
  artifactKey: Guid(bc7e01853a7d45b4e821aa9d4841865f) Importer(815301076,1909f56bfc062723c751e8b465ee728b)
Start importing Assets/Models/grib (1).blend using Guid(bc7e01853a7d45b4e821aa9d4841865f) Importer(815301076,1909f56bfc062723c751e8b465ee728b)  -> (artifact id: 'b79b0f3f9b3cab1bb08b936115718baa') in 0.058078 seconds 
  Import took 0.061531 seconds .

========================================================================
Received Import Request.
  Time since last request: 0.003166 seconds.
  path: Assets/Models/grib (1).blend
  artifactKey: Guid(bc7e01853a7d45b4e821aa9d4841865f) Importer(815301076,1909f56bfc062723c751e8b465ee728b)
Start importing Assets/Models/grib (1).blend using Guid(bc7e01853a7d45b4e821aa9d4841865f) Importer(815301076,1909f56bfc062723c751e8b465ee728b)  -> (artifact id: 'b79b0f3f9b3cab1bb08b936115718baa') in 0.047675 seconds 
  Import took 0.051552 seconds .

========================================================================
Received Import Request.
  Time since last request: 3.579033 seconds.
  path: Assets/Models/grib (1) 1.blend
  artifactKey: Guid(0a7e59993d9469044adaae460c408b35) Importer(815301076,1909f56bfc062723c751e8b465ee728b)
Start importing Assets/Models/grib (1) 1.blend using Guid(0a7e59993d9469044adaae460c408b35) Importer(815301076,1909f56bfc062723c751e8b465ee728b)  -> (artifact id: '876ec8784a0a19b6dec12f8640b517df') in 0.036805 seconds 
  Import took 0.042281 seconds .

========================================================================
Received Import Request.
  Time since last request: 828.577808 seconds.
  path: Assets/Models/grib (1).blend
  artifactKey: Guid(bc7e01853a7d45b4e821aa9d4841865f) Importer(815301076,1909f56bfc062723c751e8b465ee728b)
Start importing Assets/Models/grib (1).blend using Guid(bc7e01853a7d45b4e821aa9d4841865f) Importer(815301076,1909f56bfc062723c751e8b465ee728b)  -> (artifact id: 'caa62667d0a2592e1de42e438d5e70c2') in 0.064904 seconds 
  Import took 0.069472 seconds .

========================================================================
Received Import Request.
  Time since last request: 675.744304 seconds.
  path: Assets/Models/grib (1).blend
  artifactKey: Guid(bc7e01853a7d45b4e821aa9d4841865f) Importer(815301076,1909f56bfc062723c751e8b465ee728b)
Start importing Assets/Models/grib (1).blend using Guid(bc7e01853a7d45b4e821aa9d4841865f) Importer(815301076,1909f56bfc062723c751e8b465ee728b)  -> (artifact id: 'cba4cac8db1bd9cf6f0c10409c9b1807') in 0.060176 seconds 
  Import took 0.064892 seconds .

========================================================================
Received Import Request.
  Time since last request: 0.006469 seconds.
  path: Assets/Models/grib (1).blend
  artifactKey: Guid(bc7e01853a7d45b4e821aa9d4841865f) Importer(815301076,1909f56bfc062723c751e8b465ee728b)
Start importing Assets/Models/grib (1).blend using Guid(bc7e01853a7d45b4e821aa9d4841865f) Importer(815301076,1909f56bfc062723c751e8b465ee728b)  -> (artifact id: 'cba4cac8db1bd9cf6f0c10409c9b1807') in 0.052499 seconds 
  Import took 0.057250 seconds .

========================================================================
Received Import Request.
  Time since last request: 46.340080 seconds.
  path: Assets/Models/grib (1).blend
  artifactKey: Guid(bc7e01853a7d45b4e821aa9d4841865f) Importer(815301076,1909f56bfc062723c751e8b465ee728b)
Start importing Assets/Models/grib (1).blend using Guid(bc7e01853a7d45b4e821aa9d4841865f) Importer(815301076,1909f56bfc062723c751e8b465ee728b)  -> (artifact id: '6f704ef95fb394360152e6e8d9147aea') in 0.056211 seconds 
  Import took 0.061012 seconds .

========================================================================
Received Import Request.
  Time since last request: 54.322599 seconds.
  path: Assets/Models/grib (1).blend
  artifactKey: Guid(bc7e01853a7d45b4e821aa9d4841865f) Importer(815301076,1909f56bfc062723c751e8b465ee728b)
Start importing Assets/Models/grib (1).blend using Guid(bc7e01853a7d45b4e821aa9d4841865f) Importer(815301076,1909f56bfc062723c751e8b465ee728b)  -> (artifact id: 'aed9fb5d88f38ce4152ee9bcb8f472b5') in 0.054730 seconds 
  Import took 0.060490 seconds .

========================================================================
Received Import Request.
  Time since last request: 27.535146 seconds.
  path: Assets/Models/grib (1).blend
  artifactKey: Guid(bc7e01853a7d45b4e821aa9d4841865f) Importer(815301076,1909f56bfc062723c751e8b465ee728b)
Start importing Assets/Models/grib (1).blend using Guid(bc7e01853a7d45b4e821aa9d4841865f) Importer(815301076,1909f56bfc062723c751e8b465ee728b)  -> (artifact id: '257965d62b2fc465d4d861ad2ffd12bf') in 0.096119 seconds 
  Import took 0.103487 seconds .

========================================================================
Received Import Request.
  Time since last request: 167.581330 seconds.
  path: Assets/Models/grib (2).blend
  artifactKey: Guid(73bdcbb608895c74aa770400f3d0cd48) Importer(815301076,1909f56bfc062723c751e8b465ee728b)
Start importing Assets/Models/grib (2).blend using Guid(73bdcbb608895c74aa770400f3d0cd48) Importer(815301076,1909f56bfc062723c751e8b465ee728b)  -> (artifact id: '9a4b85be13e1000f4a64fd5cc340f027') in 0.074381 seconds 
  Import took 0.079174 seconds .

========================================================================
Received Prepare
Registering precompiled user dll's ...
Registered in 0.004561 seconds.
Begin MonoManager ReloadAssembly
Native extension for WindowsStandalone target not found
Native extension for WebGL target not found
Refreshing native plugins compatible for Editor in 0.64 ms, found 2 plugins.
Preloading 0 native plugins for Editor in 0.00 ms.
Mono: successfully reloaded assembly
- Completed reload, in  2.274 seconds
Platform modules already initialized, skipping
Refreshing native plugins compatible for Editor in 0.54 ms, found 2 plugins.
Preloading 0 native plugins for Editor in 0.00 ms.
Unloading 1415 Unused Serialized files (Serialized files now loaded: 0)
System memory in use before: 155.7 MB.
System memory in use after: 155.8 MB.

Unloading 14 unused Assets to reduce memory usage. Loaded Objects now: 1930.
Total: 2.895200 ms (FindLiveObjects: 0.211300 ms CreateObjectMapping: 0.072100 ms MarkObjects: 2.447800 ms  DeleteObjects: 0.162300 ms)

AssetImportParameters requested are different than current active one (requested -> active):
  custom:framework-win-MediaFoundation: 216162199b28c13a410421893ffa2e32 -> 
  custom:video-decoder-ogg-theora: a1e56fd34408186e4bbccfd4996cb3dc -> 
  custom:container-muxer-webm: aa71ff27fc2769a1b78a27578f13a17b -> 
  custom:container-demuxer-webm: 4f35f7cbe854078d1ac9338744f61a02 -> 
  custom:container-demuxer-ogg: 62fdf1f143b41e24485cea50d1cbac27 -> 
  custom:video-encoder-webm-vp8: eb34c28f22e8b96e1ab97ce403110664 -> 
  custom:video-codec-MediaFoundation-h265: 746d11721c4dcdbdad8f713fa42b33f4 -> 
  custom:video-decoder-webm-vp8: 9c59270c3fd7afecdb556c50c9e8de78 -> 
  custom:audio-decoder-ogg-vorbis: bf7c407c2cedff20999df2af8eb42d56 -> 
  custom:audio-encoder-webm-vorbis: bf7c407c2cedff20999df2af8eb42d56 -> 
========================================================================
Received Import Request.
  Time since last request: 124.578210 seconds.
  path: Assets/Models/grib (2).blend
  artifactKey: Guid(73bdcbb608895c74aa770400f3d0cd48) Importer(815301076,1909f56bfc062723c751e8b465ee728b)
Start importing Assets/Models/grib (2).blend using Guid(73bdcbb608895c74aa770400f3d0cd48) Importer(815301076,1909f56bfc062723c751e8b465ee728b)  -> (artifact id: '8b93ef520dc9f7997fb6525766771349') in 0.177552 seconds 
  Import took 0.182144 seconds .

========================================================================
Received Import Request.
  Time since last request: 35.398041 seconds.
  path: Assets/Models/grib (2).blend
  artifactKey: Guid(73bdcbb608895c74aa770400f3d0cd48) Importer(815301076,1909f56bfc062723c751e8b465ee728b)
Start importing Assets/Models/grib (2).blend using Guid(73bdcbb608895c74aa770400f3d0cd48) Importer(815301076,1909f56bfc062723c751e8b465ee728b)  -> (artifact id: 'a2cdcd96d22ca16d4086c3e73ad3ae0b') in 0.044086 seconds 
  Import took 0.050407 seconds .

========================================================================
Received Prepare
Registering precompiled user dll's ...
Registered in 0.005656 seconds.
Begin MonoManager ReloadAssembly
Native extension for WindowsStandalone target not found
Native extension for WebGL target not found
Refreshing native plugins compatible for Editor in 0.47 ms, found 2 plugins.
Preloading 0 native plugins for Editor in 0.00 ms.
Mono: successfully reloaded assembly
- Completed reload, in  1.940 seconds
Platform modules already initialized, skipping
Refreshing native plugins compatible for Editor in 0.62 ms, found 2 plugins.
Preloading 0 native plugins for Editor in 0.00 ms.
Unloading 1415 Unused Serialized files (Serialized files now loaded: 0)
System memory in use before: 155.8 MB.
System memory in use after: 155.8 MB.

Unloading 14 unused Assets to reduce memory usage. Loaded Objects now: 1934.
Total: 4.133700 ms (FindLiveObjects: 0.230800 ms CreateObjectMapping: 0.073900 ms MarkObjects: 3.623300 ms  DeleteObjects: 0.203900 ms)

AssetImportParameters requested are different than current active one (requested -> active):
  custom:framework-win-MediaFoundation: 216162199b28c13a410421893ffa2e32 -> 
  custom:video-decoder-ogg-theora: a1e56fd34408186e4bbccfd4996cb3dc -> 
  custom:container-muxer-webm: aa71ff27fc2769a1b78a27578f13a17b -> 
  custom:container-demuxer-webm: 4f35f7cbe854078d1ac9338744f61a02 -> 
  custom:container-demuxer-ogg: 62fdf1f143b41e24485cea50d1cbac27 -> 
  custom:video-encoder-webm-vp8: eb34c28f22e8b96e1ab97ce403110664 -> 
  custom:video-codec-MediaFoundation-h265: 746d11721c4dcdbdad8f713fa42b33f4 -> 
  custom:video-decoder-webm-vp8: 9c59270c3fd7afecdb556c50c9e8de78 -> 
  custom:audio-decoder-ogg-vorbis: bf7c407c2cedff20999df2af8eb42d56 -> 
  custom:audio-encoder-webm-vorbis: bf7c407c2cedff20999df2af8eb42d56 -> 
========================================================================
Received Import Request.
  Time since last request: 117.592135 seconds.
  path: Assets/Models/Mushroom HP.blend
  artifactKey: Guid(054ce8a639c7e8247b05f0210bf5cbf1) Importer(815301076,1909f56bfc062723c751e8b465ee728b)
Start importing Assets/Models/Mushroom HP.blend using Guid(054ce8a639c7e8247b05f0210bf5cbf1) Importer(815301076,1909f56bfc062723c751e8b465ee728b)  -> (artifact id: '4e2e14e3139df374533b1f2f1e1ff749') in 0.200094 seconds 
  Import took 0.205799 seconds .

========================================================================
Received Import Request.
  Time since last request: 98.120292 seconds.
  path: Assets/Models/Mushroom HP.controller
  artifactKey: Guid(09bfdb91b3876d049940fa60638c7691) Importer(815301076,1909f56bfc062723c751e8b465ee728b)
Start importing Assets/Models/Mushroom HP.controller using Guid(09bfdb91b3876d049940fa60638c7691) Importer(815301076,1909f56bfc062723c751e8b465ee728b)  -> (artifact id: '6561ff93f23bd3dab9e309c6556b95e0') in 0.007307 seconds 
  Import took 0.012558 seconds .

========================================================================
Received Import Request.
  Time since last request: 0.001589 seconds.
  path: Assets/Models/Mushroom HP.controller
  artifactKey: Guid(09bfdb91b3876d049940fa60638c7691) Importer(815301076,1909f56bfc062723c751e8b465ee728b)
Start importing Assets/Models/Mushroom HP.controller using Guid(09bfdb91b3876d049940fa60638c7691) Importer(815301076,1909f56bfc062723c751e8b465ee728b)  -> (artifact id: '6561ff93f23bd3dab9e309c6556b95e0') in 0.004249 seconds 
  Import took 0.008879 seconds .

========================================================================
Received Prepare
Registering precompiled user dll's ...
Registered in 0.005142 seconds.
Begin MonoManager ReloadAssembly
Native extension for WindowsStandalone target not found
Native extension for WebGL target not found
Refreshing native plugins compatible for Editor in 0.63 ms, found 2 plugins.
Preloading 0 native plugins for Editor in 0.00 ms.
Mono: successfully reloaded assembly
- Completed reload, in  2.139 seconds
Platform modules already initialized, skipping
Refreshing native plugins compatible for Editor in 0.63 ms, found 2 plugins.
Preloading 0 native plugins for Editor in 0.00 ms.
Unloading 1415 Unused Serialized files (Serialized files now loaded: 0)
System memory in use before: 155.8 MB.
System memory in use after: 155.9 MB.

Unloading 14 unused Assets to reduce memory usage. Loaded Objects now: 1938.
Total: 3.691200 ms (FindLiveObjects: 0.207700 ms CreateObjectMapping: 0.060700 ms MarkObjects: 3.216100 ms  DeleteObjects: 0.205100 ms)

AssetImportParameters requested are different than current active one (requested -> active):
  custom:framework-win-MediaFoundation: 216162199b28c13a410421893ffa2e32 -> 
  custom:video-decoder-ogg-theora: a1e56fd34408186e4bbccfd4996cb3dc -> 
  custom:container-muxer-webm: aa71ff27fc2769a1b78a27578f13a17b -> 
  custom:container-demuxer-webm: 4f35f7cbe854078d1ac9338744f61a02 -> 
  custom:container-demuxer-ogg: 62fdf1f143b41e24485cea50d1cbac27 -> 
  custom:video-encoder-webm-vp8: eb34c28f22e8b96e1ab97ce403110664 -> 
  custom:video-codec-MediaFoundation-h265: 746d11721c4dcdbdad8f713fa42b33f4 -> 
  custom:video-decoder-webm-vp8: 9c59270c3fd7afecdb556c50c9e8de78 -> 
  custom:audio-decoder-ogg-vorbis: bf7c407c2cedff20999df2af8eb42d56 -> 
  custom:audio-encoder-webm-vorbis: bf7c407c2cedff20999df2af8eb42d56 -> 
========================================================================
Received Import Request.
  Time since last request: 483.258854 seconds.
  path: Assets/Prefabs/Wall.prefab
  artifactKey: Guid(bf867f2dd5268874e87b976faabd94bc) Importer(815301076,1909f56bfc062723c751e8b465ee728b)
Start importing Assets/Prefabs/Wall.prefab using Guid(bf867f2dd5268874e87b976faabd94bc) Importer(815301076,1909f56bfc062723c751e8b465ee728b)  -> (artifact id: 'f0e6e6238f4846ca3f9733d19383b4da') in 0.137049 seconds 
  Import took 0.141207 seconds .

========================================================================
Received Import Request.
  Time since last request: 22.593772 seconds.
  path: Assets/Prefabs/Mushroom HP Variant.prefab
  artifactKey: Guid(2260932d70a6cf44ab3013428663766c) Importer(815301076,1909f56bfc062723c751e8b465ee728b)
Start importing Assets/Prefabs/Mushroom HP Variant.prefab using Guid(2260932d70a6cf44ab3013428663766c) Importer(815301076,1909f56bfc062723c751e8b465ee728b)  -> (artifact id: '0a733784ccb664257e8e854a0351d54d') in 0.027834 seconds 
  Import took 0.032254 seconds .

========================================================================
Received Import Request.
  Time since last request: 0.024665 seconds.
  path: Assets/Prefabs/Mushroom HP Variant.prefab
  artifactKey: Guid(2260932d70a6cf44ab3013428663766c) Importer(815301076,1909f56bfc062723c751e8b465ee728b)
Start importing Assets/Prefabs/Mushroom HP Variant.prefab using Guid(2260932d70a6cf44ab3013428663766c) Importer(815301076,1909f56bfc062723c751e8b465ee728b)  -> (artifact id: '0a733784ccb664257e8e854a0351d54d') in 0.012214 seconds 
  Import took 0.015805 seconds .

========================================================================
Received Prepare
Registering precompiled user dll's ...
Registered in 0.004111 seconds.
Begin MonoManager ReloadAssembly
Native extension for WindowsStandalone target not found
Native extension for WebGL target not found
Refreshing native plugins compatible for Editor in 0.61 ms, found 2 plugins.
Preloading 0 native plugins for Editor in 0.00 ms.
Mono: successfully reloaded assembly
- Completed reload, in  2.215 seconds
Platform modules already initialized, skipping
Refreshing native plugins compatible for Editor in 0.86 ms, found 2 plugins.
Preloading 0 native plugins for Editor in 0.00 ms.
Unloading 1415 Unused Serialized files (Serialized files now loaded: 0)
System memory in use before: 155.9 MB.
System memory in use after: 156.0 MB.

Unloading 15 unused Assets to reduce memory usage. Loaded Objects now: 1943.
Total: 3.305200 ms (FindLiveObjects: 0.240600 ms CreateObjectMapping: 0.096300 ms MarkObjects: 2.769200 ms  DeleteObjects: 0.196900 ms)

AssetImportParameters requested are different than current active one (requested -> active):
  custom:framework-win-MediaFoundation: 216162199b28c13a410421893ffa2e32 -> 
  custom:video-decoder-ogg-theora: a1e56fd34408186e4bbccfd4996cb3dc -> 
  custom:container-muxer-webm: aa71ff27fc2769a1b78a27578f13a17b -> 
  custom:container-demuxer-webm: 4f35f7cbe854078d1ac9338744f61a02 -> 
  custom:container-demuxer-ogg: 62fdf1f143b41e24485cea50d1cbac27 -> 
  custom:video-encoder-webm-vp8: eb34c28f22e8b96e1ab97ce403110664 -> 
  custom:video-codec-MediaFoundation-h265: 746d11721c4dcdbdad8f713fa42b33f4 -> 
  custom:video-decoder-webm-vp8: 9c59270c3fd7afecdb556c50c9e8de78 -> 
  custom:audio-decoder-ogg-vorbis: bf7c407c2cedff20999df2af8eb42d56 -> 
  custom:audio-encoder-webm-vorbis: bf7c407c2cedff20999df2af8eb42d56 -> 
AssetImportWorkerClient::OnTransportError - code=2 error=End of file
